1682357546838	geckodriver	INFO	Listening on 127.0.0.1:36117
1682357583134	geckodriver	INFO	Listening on 127.0.0.1:59491
1682358005759	geckodriver	INFO	Listening on 127.0.0.1:32881
1682360484273	geckodriver	INFO	Listening on 127.0.0.1:43683
1682360485284	mozrunner::runner	INFO	Running command: MOZ_CRASHREPORTER="1" MOZ_CRASHREPORTER_NO_REPORT="1" MOZ_CRASHREPORTER_SHUTDOWN="1" MOZ_NO_REMOTE="1" "/usr/bin/firefox" "--marionette" "-no-remote" "-profile" "/tmp/rust_mozprofilebriEv5"
console.warn: services.settings: Ignoring preference override of remote settings server
console.warn: services.settings: Allow by setting MOZ_REMOTE_SETTINGS_DEVTOOLS=1 in the environment
ATTENTION: default value of option mesa_glthread overridden by environment.
ATTENTION: default value of option mesa_glthread overridden by environment.
ATTENTION: default value of option mesa_glthread overridden by environment.
ATTENTION: default value of option mesa_glthread overridden by environment.
1682360486507	Marionette	INFO	Marionette enabled
1682360486512	Marionette	INFO	Listening on port 42227
Read port: 42227
1682360486715	RemoteAgent	WARN	TLS certificate errors will be ignored for this session
console.error: ({})
console.warn: SearchSettings: "get: No settings file exists, new profile?" (new NotFoundError("Could not open the file at /tmp/rust_mozprofilebriEv5/search.json.mozlz4", (void 0)))
[ERROR glean_core] Error setting metrics feature config: Json(Error("EOF while parsing a value", line: 1, column: 0))
console.warn: services.settings: Ignoring preference override of remote settings server
console.warn: services.settings: Allow by setting MOZ_REMOTE_SETTINGS_DEVTOOLS=1 in the environment
console.error: (new TypeError("lazy.AsyncShutdown.profileBeforeChange is undefined", "resource://services-settings/Database.sys.mjs", 599))
JavaScript warning: https://www.google.com/js/th/ymD8mqb2jAHc-oWP6UM0kDpI7GaSG_zI3vXiXIPrEkw.js line 2 > eval line 1139 > eval line 1 > eval line 1 > eval, line 1: WEBGL_debug_renderer_info is deprecated in Firefox and will be removed. Please use RENDERER.
console.warn: services.settings: Ignoring preference override of remote settings server
console.warn: services.settings: Allow by setting MOZ_REMOTE_SETTINGS_DEVTOOLS=1 in the environment
console.error: (new TypeError("lazy.AsyncShutdown.profileBeforeChange is undefined", "resource://services-settings/Database.sys.mjs", 599))
1682361039307	geckodriver	INFO	Listening on 127.0.0.1:57591
1682361039329	mozrunner::runner	INFO	Running command: MOZ_CRASHREPORTER="1" MOZ_CRASHREPORTER_NO_REPORT="1" MOZ_CRASHREPORTER_SHUTDOWN="1" MOZ_NO_REMOTE="1" "/usr/bin/firefox" "--marionette" "-no-remote" "-profile" "/tmp/rust_mozprofileFiSE5M"
console.warn: services.settings: Ignoring preference override of remote settings server
console.warn: services.settings: Allow by setting MOZ_REMOTE_SETTINGS_DEVTOOLS=1 in the environment
ATTENTION: default value of option mesa_glthread overridden by environment.
ATTENTION: default value of option mesa_glthread overridden by environment.
ATTENTION: default value of option mesa_glthread overridden by environment.
ATTENTION: default value of option mesa_glthread overridden by environment.
1682361040209	Marionette	INFO	Marionette enabled
1682361040213	Marionette	INFO	Listening on port 38495
Read port: 38495
1682361040369	RemoteAgent	WARN	TLS certificate errors will be ignored for this session
console.error: ({})
console.warn: SearchSettings: "get: No settings file exists, new profile?" (new NotFoundError("Could not open the file at /tmp/rust_mozprofileFiSE5M/search.json.mozlz4", (void 0)))
[ERROR glean_core] Error setting metrics feature config: Json(Error("EOF while parsing a value", line: 1, column: 0))
JavaScript error: resource://gre/modules/AsyncShutdown.sys.mjs, line 576: NotFoundError: No such JSWindowActor 'DevToolsFrame'
JavaScript error: resource://gre/modules/AsyncShutdown.sys.mjs, line 576: NotFoundError: No such JSWindowActor 'DevToolsFrame'
JavaScript error: resource://gre/modules/AsyncShutdown.sys.mjs, line 576: NotFoundError: No such JSWindowActor 'DevToolsFrame'
1682361044388	Marionette	INFO	Stopped listening on port 42227
console.warn: LoginRecipes: "Falling back to a synchronous message for: https://www.google.com."
1682361411686	Marionette	INFO	Stopped listening on port 38495
1682397626330	geckodriver	INFO	Listening on 127.0.0.1:37307
1682397627330	mozrunner::runner	INFO	Running command: MOZ_CRASHREPORTER="1" MOZ_CRASHREPORTER_NO_REPORT="1" MOZ_CRASHREPORTER_SHUTDOWN="1" MOZ_NO_REMOTE="1" "/usr/bin/firefox" "--marionette" "-no-remote" "-profile" "/tmp/rust_mozprofileXyx41B"
console.warn: services.settings: Ignoring preference override of remote settings server
console.warn: services.settings: Allow by setting MOZ_REMOTE_SETTINGS_DEVTOOLS=1 in the environment
ATTENTION: default value of option mesa_glthread overridden by environment.
ATTENTION: default value of option mesa_glthread overridden by environment.
ATTENTION: default value of option mesa_glthread overridden by environment.
ATTENTION: default value of option mesa_glthread overridden by environment.
1682397628666	Marionette	INFO	Marionette enabled
1682397628709	Marionette	INFO	Listening on port 39367
Read port: 39367
1682397628986	RemoteAgent	WARN	TLS certificate errors will be ignored for this session
console.error: ({})
console.warn: SearchSettings: "get: No settings file exists, new profile?" (new NotFoundError("Could not open the file at /tmp/rust_mozprofileXyx41B/search.json.mozlz4", (void 0)))
[ERROR glean_core] Error setting metrics feature config: Json(Error("EOF while parsing a value", line: 1, column: 0))
1682397704251	Marionette	WARN	Ignoring event 'DOMContentLoaded' because document has an invalid readyState of 'complete'.
console.warn: "Listener for event 'frame' did not return a promise."
JavaScript error: , line 0: NotFoundError: No such JSWindowActor 'DevToolsFrame'
JavaScript error: , line 0: NotFoundError: No such JSWindowActor 'DevToolsFrame'
JavaScript error: , line 0: NotFoundError: No such JSWindowActor 'DevToolsFrame'
1682397918356	Marionette	INFO	Stopped listening on port 39367
JavaScript error: https://www.youtube.com/?themeRefresh=1, line 12: TypeError: can't access dead object
JavaScript error: https://www.youtube.com/?themeRefresh=1, line 12: TypeError: can't access dead object
JavaScript error: https://www.youtube.com/?themeRefresh=1, line 12: TypeError: can't access dead object
JavaScript error: https://www.youtube.com/?themeRefresh=1, line 12: TypeError: can't access dead object
JavaScript error: https://www.youtube.com/?themeRefresh=1, line 12: TypeError: can't access dead object
JavaScript error: https://www.youtube.com/?themeRefresh=1, line 12: TypeError: can't access dead object
JavaScript error: https://www.youtube.com/?themeRefresh=1, line 12: TypeError: can't access dead object
JavaScript error: https://www.youtube.com/?themeRefresh=1, line 12: TypeError: can't access dead object
JavaScript error: https://www.youtube.com/?themeRefresh=1, line 12: TypeError: can't access dead object
1682397939778	geckodriver	INFO	Listening on 127.0.0.1:43077
1682397940785	mozrunner::runner	INFO	Running command: MOZ_CRASHREPORTER="1" MOZ_CRASHREPORTER_NO_REPORT="1" MOZ_CRASHREPORTER_SHUTDOWN="1" MOZ_NO_REMOTE="1" "/usr/bin/firefox" "--marionette" "-no-remote" "-profile" "/tmp/rust_mozprofilehw3rpO"
console.warn: services.settings: Ignoring preference override of remote settings server
console.warn: services.settings: Allow by setting MOZ_REMOTE_SETTINGS_DEVTOOLS=1 in the environment
ATTENTION: default value of option mesa_glthread overridden by environment.
ATTENTION: default value of option mesa_glthread overridden by environment.
ATTENTION: default value of option mesa_glthread overridden by environment.
ATTENTION: default value of option mesa_glthread overridden by environment.
1682397941629	Marionette	INFO	Marionette enabled
1682397941633	Marionette	INFO	Listening on port 38815
Read port: 38815
1682397941772	RemoteAgent	WARN	TLS certificate errors will be ignored for this session
console.error: ({})
console.warn: SearchSettings: "get: No settings file exists, new profile?" (new NotFoundError("Could not open the file at /tmp/rust_mozprofilehw3rpO/search.json.mozlz4", (void 0)))
[ERROR glean_core] Error setting metrics feature config: Json(Error("EOF while parsing a value", line: 1, column: 0))
JavaScript warning: https://sf16-website-login.neutral.ttwstatic.com/obj/tiktok_web_login_static/webmssdk/1.0.0.36/webmssdk.js, line 1: WEBGL_debug_renderer_info is deprecated in Firefox and will be removed. Please use RENDERER.
JavaScript warning: https://sf16-website-login.neutral.ttwstatic.com/obj/tiktok_web_login_static/ttweb_webmssdk_ex/1.0.0.42/webmssdk_ex.js, line 1: WEBGL_debug_renderer_info is deprecated in Firefox and will be removed. Please use RENDERER.
JavaScript warning: https://sf16-website-login.neutral.ttwstatic.com/obj/tiktok_web_login_static/tiktok/webapp/main/webapp-desktop/npm-async-eb873fff.cc7b16cffd4e0bdb77d4.js line 2 > Function, line 3: WEBGL_debug_renderer_info is deprecated in Firefox and will be removed. Please use RENDERER.
console.warn: LoginRecipes: "Falling back to a synchronous message for: https://www.tiktok.com."
1682398071496	Marionette	INFO	Stopped listening on port 38815
1682398073851	geckodriver	INFO	Listening on 127.0.0.1:60945
1682398074858	mozrunner::runner	INFO	Running command: MOZ_CRASHREPORTER="1" MOZ_CRASHREPORTER_NO_REPORT="1" MOZ_CRASHREPORTER_SHUTDOWN="1" MOZ_NO_REMOTE="1" "/usr/bin/firefox" "--marionette" "-no-remote" "-profile" "/tmp/rust_mozprofileoMm50S"
console.warn: services.settings: Ignoring preference override of remote settings server
console.warn: services.settings: Allow by setting MOZ_REMOTE_SETTINGS_DEVTOOLS=1 in the environment
ATTENTION: default value of option mesa_glthread overridden by environment.
ATTENTION: default value of option mesa_glthread overridden by environment.
ATTENTION: default value of option mesa_glthread overridden by environment.
ATTENTION: default value of option mesa_glthread overridden by environment.
1682398075686	Marionette	INFO	Marionette enabled
1682398075690	Marionette	INFO	Listening on port 35693
Read port: 35693
1682398075824	RemoteAgent	WARN	TLS certificate errors will be ignored for this session
console.error: ({})
console.warn: SearchSettings: "get: No settings file exists, new profile?" (new NotFoundError("Could not open the file at /tmp/rust_mozprofileoMm50S/search.json.mozlz4", (void 0)))
[ERROR glean_core] Error setting metrics feature config: Json(Error("EOF while parsing a value", line: 1, column: 0))
console.warn: LoginRecipes: "Falling back to a synchronous message for: https://www.google.com."
1682398175520	Marionette	INFO	Stopped listening on port 35693
JavaScript error: , line 0: NotFoundError: No such JSWindowActor 'DevToolsFrame'
JavaScript error: , line 0: NotFoundError: No such JSWindowActor 'DevToolsFrame'
